Logfile initialized
[INFO] logfile = /Users/prathameshnavghare/Documents/Titanium_Studio_Workspace/NeoChat/build.log
[DEBUG] /Library/Application Support/Titanium/mobilesdk/osx/3.0.0.GA/android/builder.py install NeoChat /Users/prathameshnavghare/android-sdks /Users/prathameshnavghare/Documents/Titanium_Studio_Workspace/NeoChat neo.chat.app 1
[INFO] Titanium SDK version: 3.0.0 (12/12/12 18:49 a5894b3)
[DEBUG] Waiting for device to be ready ...
[TRACE] adb devices returned 1 devices/emulators
[DEBUG] Device connected... (waited 0 seconds)
[DEBUG] waited 0.018620 seconds on emulator to get ready
[DEBUG] neo.chat.app installed? False
[INFO] Copying CommonJS modules...
[INFO] Copying project resources..
[INFO] Tiapp.xml unchanged, skipping class generation
[DEBUG] Processing Android resource drawables
[DEBUG] copying default app icon
[DEBUG] found drawable-long-land-hdpi splash screen at /Users/prathameshnavghare/Documents/Titanium_Studio_Workspace/NeoChat/Resources/android/images/res-long-land-hdpi/default.png
[DEBUG] copying /Users/prathameshnavghare/Documents/Titanium_Studio_Workspace/NeoChat/Resources/android/images/res-long-land-hdpi/default.png splash screen to /Users/prathameshnavghare/Documents/Titanium_Studio_Workspace/NeoChat/build/android/res/drawable-long-land-hdpi/background.png
[DEBUG] found drawable-long-land-ldpi splash screen at /Users/prathameshnavghare/Documents/Titanium_Studio_Workspace/NeoChat/Resources/android/images/res-long-land-ldpi/default.png
[DEBUG] copying /Users/prathameshnavghare/Documents/Titanium_Studio_Workspace/NeoChat/Resources/android/images/res-long-land-ldpi/default.png splash screen to /Users/prathameshnavghare/Documents/Titanium_Studio_Workspace/NeoChat/build/android/res/drawable-long-land-ldpi/background.png
[DEBUG] found drawable-long-port-hdpi splash screen at /Users/prathameshnavghare/Documents/Titanium_Studio_Workspace/NeoChat/Resources/android/images/res-long-port-hdpi/default.png
[DEBUG] copying /Users/prathameshnavghare/Documents/Titanium_Studio_Workspace/NeoChat/Resources/android/images/res-long-port-hdpi/default.png splash screen to /Users/prathameshnavghare/Documents/Titanium_Studio_Workspace/NeoChat/build/android/res/drawable-long-port-hdpi/background.png
[DEBUG] found drawable-long-port-ldpi splash screen at /Users/prathameshnavghare/Documents/Titanium_Studio_Workspace/NeoChat/Resources/android/images/res-long-port-ldpi/default.png
[DEBUG] copying /Users/prathameshnavghare/Documents/Titanium_Studio_Workspace/NeoChat/Resources/android/images/res-long-port-ldpi/default.png splash screen to /Users/prathameshnavghare/Documents/Titanium_Studio_Workspace/NeoChat/build/android/res/drawable-long-port-ldpi/background.png
[DEBUG] found drawable-notlong-land-hdpi splash screen at /Users/prathameshnavghare/Documents/Titanium_Studio_Workspace/NeoChat/Resources/android/images/res-notlong-land-hdpi/default.png
[DEBUG] copying /Users/prathameshnavghare/Documents/Titanium_Studio_Workspace/NeoChat/Resources/android/images/res-notlong-land-hdpi/default.png splash screen to /Users/prathameshnavghare/Documents/Titanium_Studio_Workspace/NeoChat/build/android/res/drawable-notlong-land-hdpi/background.png
[DEBUG] found drawable-notlong-land-ldpi splash screen at /Users/prathameshnavghare/Documents/Titanium_Studio_Workspace/NeoChat/Resources/android/images/res-notlong-land-ldpi/default.png
[DEBUG] copying /Users/prathameshnavghare/Documents/Titanium_Studio_Workspace/NeoChat/Resources/android/images/res-notlong-land-ldpi/default.png splash screen to /Users/prathameshnavghare/Documents/Titanium_Studio_Workspace/NeoChat/build/android/res/drawable-notlong-land-ldpi/background.png
[DEBUG] found drawable-notlong-land-mdpi splash screen at /Users/prathameshnavghare/Documents/Titanium_Studio_Workspace/NeoChat/Resources/android/images/res-notlong-land-mdpi/default.png
[DEBUG] copying /Users/prathameshnavghare/Documents/Titanium_Studio_Workspace/NeoChat/Resources/android/images/res-notlong-land-mdpi/default.png splash screen to /Users/prathameshnavghare/Documents/Titanium_Studio_Workspace/NeoChat/build/android/res/drawable-notlong-land-mdpi/background.png
[DEBUG] found drawable-notlong-port-hdpi splash screen at /Users/prathameshnavghare/Documents/Titanium_Studio_Workspace/NeoChat/Resources/android/images/res-notlong-port-hdpi/default.png
[DEBUG] copying /Users/prathameshnavghare/Documents/Titanium_Studio_Workspace/NeoChat/Resources/android/images/res-notlong-port-hdpi/default.png splash screen to /Users/prathameshnavghare/Documents/Titanium_Studio_Workspace/NeoChat/build/android/res/drawable-notlong-port-hdpi/background.png
[DEBUG] found drawable-notlong-port-ldpi splash screen at /Users/prathameshnavghare/Documents/Titanium_Studio_Workspace/NeoChat/Resources/android/images/res-notlong-port-ldpi/default.png
[DEBUG] copying /Users/prathameshnavghare/Documents/Titanium_Studio_Workspace/NeoChat/Resources/android/images/res-notlong-port-ldpi/default.png splash screen to /Users/prathameshnavghare/Documents/Titanium_Studio_Workspace/NeoChat/build/android/res/drawable-notlong-port-ldpi/background.png
[DEBUG] found drawable-notlong-port-mdpi splash screen at /Users/prathameshnavghare/Documents/Titanium_Studio_Workspace/NeoChat/Resources/android/images/res-notlong-port-mdpi/default.png
[DEBUG] copying /Users/prathameshnavghare/Documents/Titanium_Studio_Workspace/NeoChat/Resources/android/images/res-notlong-port-mdpi/default.png splash screen to /Users/prathameshnavghare/Documents/Titanium_Studio_Workspace/NeoChat/build/android/res/drawable-notlong-port-mdpi/background.png
[DEBUG] copying default splash screen
[DEBUG] adding /Users/prathameshnavghare/Documents/Titanium_Studio_Workspace/NeoChat/build/android/gen/neo/chat/app/R.java to javac build list
[DEBUG] Building Java Sources: "/Users/prathameshnavghare/Documents/Titanium_Studio_Workspace/NeoChat/build/android/gen/neo/chat/app/R.java"
[INFO] Compiling Android Resources... This could take some time
[ERROR] Timed out waiting for android.process.acore
[INFO] Installing application on device
[INFO] Application installed. Launch from drawer on Home Screen
[DEBUG] Android classes.dex built
[DEBUG] creating unsigned apk: /Users/prathameshnavghare/Documents/Titanium_Studio_Workspace/NeoChat/build/android/bin/app-unsigned.apk
[DEBUG] from resource zip => assets/Resources/bin/builder.js
[DEBUG] from resource zip => assets/Resources/examples/echo-client.js
[DEBUG] from resource zip => assets/Resources/examples/websocket_echo_server.rb
[DEBUG] from resource zip => assets/Resources/lib/events.js
[DEBUG] from resource zip => assets/Resources/lib/sha1.js
[DEBUG] from resource zip => assets/Resources/lib/utils.js
[DEBUG] from resource zip => assets/Resources/lib/websocket-client.js
[DEBUG] from resource zip => assets/Resources/ui/common/Body.js
[DEBUG] from resource zip => assets/Resources/ui/common/Chat.js
[DEBUG] from resource zip => assets/Resources/ui/common/Head.js
[DEBUG] from resource zip => assets/Resources/ui/common/Login.js
[DEBUG] from resource zip => assets/Resources/ui/common/OnlineList.js
[DEBUG] from resource zip => assets/Resources/ui/handheld/android/ApplicationWindow.js
[DEBUG] from resource zip => assets/Resources/ui/handheld/ApplicationWindow.js
[DEBUG] from resource zip => assets/Resources/ui/tablet/ApplicationWindow.js
[DEBUG] from resource zip => assets/Resources/KS_nav_ui.png
[DEBUG] from resource zip => assets/Resources/KS_nav_views.png
[DEBUG] from resource zip => assets/Resources/README.md
[DEBUG] from resource zip => assets/Resources/app.js
[DEBUG] from resource zip => assets/Resources/appicon.png
[DEBUG] from resource zip => assets/Resources/default.png
[DEBUG] from resource zip => assets/Resources/ti-websocket-client.js
[DEBUG] from resource zip => assets/Resources/ti.cloud.js
[DEBUG] from resource zip => assets/app.json
[DEBUG] from resource zip => assets/index.json
[DEBUG] from resource zip => assets/tiapp.xml
[DEBUG] from resource zip => res/drawable/appicon.png
[DEBUG] from resource zip => res/drawable/background.png
[DEBUG] from resource zip => res/layout/titanium_tabgroup.xml
[DEBUG] from resource zip => AndroidManifest.xml
[DEBUG] from resource zip => resources.arsc
[DEBUG] from resource zip => res/drawable-long-land-hdpi/background.png
[DEBUG] from resource zip => res/drawable-long-land-ldpi/background.png
[DEBUG] from resource zip => res/drawable-long-port-hdpi/background.png
[DEBUG] from resource zip => res/drawable-long-port-ldpi/background.png
[DEBUG] from resource zip => res/drawable-notlong-land-hdpi/background.png
[DEBUG] from resource zip => res/drawable-notlong-land-ldpi/background.png
[DEBUG] from resource zip => res/drawable-notlong-land-mdpi/background.png
[DEBUG] from resource zip => res/drawable-notlong-port-hdpi/background.png
[DEBUG] from resource zip => res/drawable-notlong-port-ldpi/background.png
[DEBUG] from resource zip => res/drawable-notlong-port-mdpi/background.png
[DEBUG] from JAR /Library/Application Support/Titanium/mobilesdk/osx/3.0.0.GA/android/titanium.jar => org/appcelerator/titanium/build.properties
[DEBUG] from JAR /Library/Application Support/Titanium/mobilesdk/osx/3.0.0.GA/android/titanium.jar => org/appcelerator/titanium/res/drawable/background.png
[DEBUG] from JAR /Library/Application Support/Titanium/mobilesdk/osx/3.0.0.GA/android/titanium.jar => org/appcelerator/titanium/res/drawable/btn_check_buttonless_on.png
[DEBUG] from JAR /Library/Application Support/Titanium/mobilesdk/osx/3.0.0.GA/android/titanium.jar => org/appcelerator/titanium/res/drawable/btn_check_buttonless_on_18.png
[DEBUG] from JAR /Library/Application Support/Titanium/mobilesdk/osx/3.0.0.GA/android/titanium.jar => org/appcelerator/titanium/res/drawable/btn_check_buttonless_on_48.png
[DEBUG] from JAR /Library/Application Support/Titanium/mobilesdk/osx/3.0.0.GA/android/titanium.jar => org/appcelerator/titanium/res/drawable/btn_check_buttonless_on_64.png
[DEBUG] from JAR /Library/Application Support/Titanium/mobilesdk/osx/3.0.0.GA/android/titanium.jar => org/appcelerator/titanium/res/drawable/btn_more.png
[DEBUG] from JAR /Library/Application Support/Titanium/mobilesdk/osx/3.0.0.GA/android/titanium.jar => org/appcelerator/titanium/res/drawable/btn_more_18.png
[DEBUG] from JAR /Library/Application Support/Titanium/mobilesdk/osx/3.0.0.GA/android/titanium.jar => org/appcelerator/titanium/res/drawable/btn_more_48.png
[DEBUG] from JAR /Library/Application Support/Titanium/mobilesdk/osx/3.0.0.GA/android/titanium.jar => org/appcelerator/titanium/res/drawable/btn_more_64.png
[DEBUG] from JAR /Library/Application Support/Titanium/mobilesdk/osx/3.0.0.GA/android/titanium.jar => org/appcelerator/titanium/res/drawable/btn_picker_normal.9.png
[DEBUG] from JAR /Library/Application Support/Titanium/mobilesdk/osx/3.0.0.GA/android/titanium.jar => org/appcelerator/titanium/res/drawable/btn_picker_pressed.9.png
[DEBUG] from JAR /Library/Application Support/Titanium/mobilesdk/osx/3.0.0.GA/android/titanium.jar => org/appcelerator/titanium/res/drawable/btn_picker_selected.9.png
[DEBUG] from JAR /Library/Application Support/Titanium/mobilesdk/osx/3.0.0.GA/android/titanium.jar => org/appcelerator/titanium/res/drawable/default_icon.png
[DEBUG] from JAR /Library/Application Support/Titanium/mobilesdk/osx/3.0.0.GA/android/titanium.jar => org/appcelerator/titanium/res/drawable/photoDefault.png
[DEBUG] from JAR /Library/Application Support/Titanium/mobilesdk/osx/3.0.0.GA/android/modules/titanium-ui.jar => ti/modules/titanium/ui/widget/webview/binding.js
[DEBUG] from JAR /Library/Application Support/Titanium/mobilesdk/osx/3.0.0.GA/android/modules/titanium-ui.jar => ti/modules/titanium/ui/widget/webview/binding.min.js
[DEBUG] from JAR /Library/Application Support/Titanium/mobilesdk/osx/3.0.0.GA/android/modules/titanium-ui.jar => ti/modules/titanium/ui/widget/webview/json2.js
[DEBUG] from JAR /Library/Application Support/Titanium/mobilesdk/osx/3.0.0.GA/android/modules/titanium-ui.jar => ti/modules/titanium/ui/widget/webview/polling.js
[DEBUG] from JAR /Library/Application Support/Titanium/mobilesdk/osx/3.0.0.GA/android/modules/titanium-ui.jar => ti/modules/titanium/ui/widget/webview/polling.min.js
[DEBUG] from JAR /Library/Application Support/Titanium/mobilesdk/osx/3.0.0.GA/android/thirdparty.jar => org/apache/Commons-NOTICE.txt
[DEBUG] from JAR /Library/Application Support/Titanium/mobilesdk/osx/3.0.0.GA/android/thirdparty.jar => org/apache/HttpComponents-NOTICE.txt
[DEBUG] from JAR /Library/Application Support/Titanium/mobilesdk/osx/3.0.0.GA/android/thirdparty.jar => org/apache/mime4j-NOTICE.txt
[DEBUG] installing native SDK libs
[DEBUG] Waiting for device to be ready ...
[TRACE] adb devices returned 1 devices/emulators
[DEBUG] Device connected... (waited 0 seconds)
[DEBUG] waited 0.018264 seconds on emulator to get ready
[INFO] Installing application on device
[INFO] Application installed. Launch from drawer on Home Screen
